{"timestamp": null, "level": null, "name": "httpx", "message": "HTTP Request: POST http://testserver/api/v1/contact \"HTTP/1.1 400 Bad Request\"", "taskName": null}
{"timestamp": null, "level": null, "name": "httpx", "message": "HTTP Request: POST http://testserver/api/v1/contact \"HTTP/1.1 400 Bad Request\"", "taskName": null}
{"timestamp": null, "level": null, "name": "httpx", "message": "HTTP Request: POST http://testserver/api/v1/contact \"HTTP/1.1 400 Bad Request\"", "taskName": null}
{"timestamp": null, "level": null, "name": "httpx", "message": "HTTP Request: POST http://testserver/api/v1/contact \"HTTP/1.1 400 Bad Request\"", "taskName": null}
{"timestamp": null, "level": null, "name": "httpx", "message": "HTTP Request: POST http://testserver/api/v1/contact \"HTTP/1.1 400 Bad Request\"", "taskName": null}
{"timestamp": null, "level": null, "name": "httpx", "message": "HTTP Request: POST http://testserver/api/v1/contact \"HTTP/1.1 400 Bad Request\"", "taskName": null}
{"timestamp": null, "level": null, "name": "httpx", "message": "HTTP Request: POST http://testserver/api/v1/contact \"HTTP/1.1 400 Bad Request\"", "taskName": null}
{"timestamp": null, "level": null, "name": "httpx", "message": "HTTP Request: POST http://testserver/api/v1/contact \"HTTP/1.1 400 Bad Request\"", "taskName": null}
{"timestamp": null, "level": null, "name": "httpx", "message": "HTTP Request: GET http://testserver/api/v1/health \"HTTP/1.1 400 Bad Request\"", "taskName": null}
{"timestamp": null, "level": null, "name": "httpx", "message": "HTTP Request: GET http://testserver/api/v1/health \"HTTP/1.1 400 Bad Request\"", "taskName": null}
{"timestamp": null, "level": null, "name": "httpx", "message": "HTTP Request: GET http://testserver/api/v1/health \"HTTP/1.1 400 Bad Request\"", "taskName": null}
{"timestamp": null, "level": null, "name": "httpx", "message": "HTTP Request: POST http://testserver/api/v1/contact \"HTTP/1.1 400 Bad Request\"", "taskName": null}
{"timestamp": null, "level": null, "name": "httpx", "message": "HTTP Request: POST http://testserver/api/v1/contact \"HTTP/1.1 400 Bad Request\"", "taskName": null}
{"timestamp": null, "level": null, "name": "httpx", "message": "HTTP Request: POST http://testserver/api/v1/contact \"HTTP/1.1 400 Bad Request\"", "taskName": null}
{"timestamp": null, "level": null, "name": "httpx", "message": "HTTP Request: POST http://testserver/api/v1/contact \"HTTP/1.1 400 Bad Request\"", "taskName": null}
{"timestamp": null, "level": null, "name": "httpx", "message": "HTTP Request: POST http://testserver/api/v1/contact \"HTTP/1.1 400 Bad Request\"", "taskName": null}
{"timestamp": null, "level": null, "name": "httpx", "message": "HTTP Request: POST http://testserver/api/v1/contact \"HTTP/1.1 400 Bad Request\"", "taskName": null}
{"timestamp": null, "level": null, "name": "httpx", "message": "HTTP Request: POST http://testserver/api/v1/contact \"HTTP/1.1 400 Bad Request\"", "taskName": null}
{"timestamp": null, "level": null, "name": "httpx", "message": "HTTP Request: POST http://testserver/api/v1/contact \"HTTP/1.1 400 Bad Request\"", "taskName": null}
{"timestamp": null, "level": null, "name": "httpx", "message": "HTTP Request: POST http://testserver/api/v1/contact \"HTTP/1.1 400 Bad Request\"", "taskName": null}
{"timestamp": null, "level": null, "name": "httpx", "message": "HTTP Request: POST http://testserver/api/v1/contact \"HTTP/1.1 200 OK\"", "taskName": null}
{"timestamp": null, "level": null, "name": "httpx", "message": "HTTP Request: POST http://testserver/api/v1/contact \"HTTP/1.1 422 Unprocessable Entity\"", "taskName": null}
{"timestamp": null, "level": null, "name": "httpx", "message": "HTTP Request: POST http://testserver/api/v1/contact \"HTTP/1.1 422 Unprocessable Entity\"", "taskName": null}
{"timestamp": null, "level": null, "name": "httpx", "message": "HTTP Request: POST http://testserver/api/v1/contact \"HTTP/1.1 422 Unprocessable Entity\"", "taskName": null}
{"timestamp": null, "level": null, "name": "httpx", "message": "HTTP Request: POST http://testserver/api/v1/contact \"HTTP/1.1 422 Unprocessable Entity\"", "taskName": null}
{"timestamp": null, "level": null, "name": "httpx", "message": "HTTP Request: POST http://testserver/api/v1/contact \"HTTP/1.1 422 Unprocessable Entity\"", "taskName": null}
{"timestamp": null, "level": null, "name": "root", "message": "AppException: Failed to store message | Path: /api/v1/contact", "taskName": "anyio.from_thread.BlockingPortal._call_func"}
{"timestamp": null, "level": null, "name": "httpx", "message": "HTTP Request: POST http://testserver/api/v1/contact \"HTTP/1.1 500 Internal Server Error\"", "taskName": null}
{"timestamp": null, "level": null, "name": "app.api.v1.contact", "message": "Email notification failed for contact test-uuid-123", "taskName": "anyio.from_thread.BlockingPortal._call_func"}
{"timestamp": null, "level": null, "name": "httpx", "message": "HTTP Request: POST http://testserver/api/v1/contact \"HTTP/1.1 200 OK\"", "taskName": null}
{"timestamp": null, "level": null, "name": "httpx", "message": "HTTP Request: GET http://testserver/api/v1/health \"HTTP/1.1 200 OK\"", "taskName": null}
{"timestamp": null, "level": null, "name": "httpx", "message": "HTTP Request: GET http://testserver/api/v1/health \"HTTP/1.1 200 OK\"", "taskName": null}
{"timestamp": null, "level": null, "name": "httpx", "message": "HTTP Request: GET http://testserver/api/v1/health \"HTTP/1.1 200 OK\"", "taskName": null}
{"timestamp": null, "level": null, "name": "httpx", "message": "HTTP Request: POST http://testserver/api/v1/contact \"HTTP/1.1 200 OK\"", "taskName": null}
{"timestamp": null, "level": null, "name": "httpx", "message": "HTTP Request: POST http://testserver/api/v1/contact \"HTTP/1.1 200 OK\"", "taskName": null}
{"timestamp": null, "level": null, "name": "httpx", "message": "HTTP Request: POST http://testserver/api/v1/contact \"HTTP/1.1 200 OK\"", "taskName": null}
{"timestamp": null, "level": null, "name": "httpx", "message": "HTTP Request: POST http://testserver/api/v1/contact \"HTTP/1.1 200 OK\"", "taskName": null}
{"timestamp": null, "level": null, "name": "httpx", "message": "HTTP Request: POST http://testserver/api/v1/contact \"HTTP/1.1 200 OK\"", "taskName": null}
{"timestamp": null, "level": null, "name": "httpx", "message": "HTTP Request: POST http://testserver/api/v1/contact \"HTTP/1.1 200 OK\"", "taskName": null}
{"timestamp": null, "level": null, "name": "httpx", "message": "HTTP Request: POST http://testserver/api/v1/contact \"HTTP/1.1 200 OK\"", "taskName": null}
{"timestamp": null, "level": null, "name": "httpx", "message": "HTTP Request: POST http://testserver/api/v1/contact \"HTTP/1.1 200 OK\"", "taskName": null}
{"timestamp": null, "level": null, "name": "httpx", "message": "HTTP Request: POST http://testserver/api/v1/contact \"HTTP/1.1 200 OK\"", "taskName": null}
{"timestamp": null, "level": null, "name": "httpx", "message": "HTTP Request: POST http://testserver/api/v1/contact \"HTTP/1.1 200 OK\"", "taskName": null}
{"timestamp": null, "level": null, "name": "httpx", "message": "HTTP Request: POST http://testserver/api/v1/contact \"HTTP/1.1 429 Too Many Requests\"", "taskName": null}
{"timestamp": null, "level": null, "name": "httpx", "message": "HTTP Request: POST http://testserver/api/v1/contact \"HTTP/1.1 200 OK\"", "taskName": null}
{"timestamp": null, "level": null, "name": "httpx", "message": "HTTP Request: POST http://testserver/api/v1/contact \"HTTP/1.1 200 OK\"", "taskName": null}
{"timestamp": null, "level": null, "name": "httpx", "message": "HTTP Request: POST http://testserver/api/v1/contact \"HTTP/1.1 200 OK\"", "taskName": null}
{"timestamp": null, "level": null, "name": "httpx", "message": "HTTP Request: POST http://testserver/api/v1/contact \"HTTP/1.1 200 OK\"", "taskName": null}
{"timestamp": null, "level": null, "name": "httpx", "message": "HTTP Request: POST http://testserver/api/v1/contact \"HTTP/1.1 200 OK\"", "taskName": null}
{"timestamp": null, "level": null, "name": "httpx", "message": "HTTP Request: POST http://testserver/api/v1/contact \"HTTP/1.1 200 OK\"", "taskName": null}
{"timestamp": null, "level": null, "name": "httpx", "message": "HTTP Request: POST http://testserver/api/v1/contact \"HTTP/1.1 200 OK\"", "taskName": null}
{"timestamp": null, "level": null, "name": "httpx", "message": "HTTP Request: POST http://testserver/api/v1/contact \"HTTP/1.1 200 OK\"", "taskName": null}
{"timestamp": null, "level": null, "name": "httpx", "message": "HTTP Request: POST http://testserver/api/v1/contact \"HTTP/1.1 200 OK\"", "taskName": null}
{"timestamp": null, "level": null, "name": "httpx", "message": "HTTP Request: POST http://testserver/api/v1/contact \"HTTP/1.1 200 OK\"", "taskName": null}
{"timestamp": null, "level": null, "name": "httpx", "message": "HTTP Request: POST http://testserver/api/v1/contact \"HTTP/1.1 200 OK\"", "taskName": null}
{"timestamp": null, "level": null, "name": "httpx", "message": "HTTP Request: POST http://testserver/api/v1/contact \"HTTP/1.1 429 Too Many Requests\"", "taskName": null}
{"timestamp": null, "level": null, "name": "httpx", "message": "HTTP Request: POST http://testserver/api/v1/contact \"HTTP/1.1 200 OK\"", "taskName": null}
{"timestamp": null, "level": null, "name": "httpx", "message": "HTTP Request: POST http://testserver/api/v1/contact \"HTTP/1.1 422 Unprocessable Entity\"", "taskName": null}
{"timestamp": null, "level": null, "name": "httpx", "message": "HTTP Request: POST http://testserver/api/v1/contact \"HTTP/1.1 422 Unprocessable Entity\"", "taskName": null}
{"timestamp": null, "level": null, "name": "httpx", "message": "HTTP Request: POST http://testserver/api/v1/contact \"HTTP/1.1 422 Unprocessable Entity\"", "taskName": null}
{"timestamp": null, "level": null, "name": "httpx", "message": "HTTP Request: POST http://testserver/api/v1/contact \"HTTP/1.1 422 Unprocessable Entity\"", "taskName": null}
{"timestamp": null, "level": null, "name": "httpx", "message": "HTTP Request: POST http://testserver/api/v1/contact \"HTTP/1.1 422 Unprocessable Entity\"", "taskName": null}
{"timestamp": null, "level": null, "name": "root", "message": "AppException: Failed to store message | Path: /api/v1/contact", "taskName": "anyio.from_thread.BlockingPortal._call_func"}
{"timestamp": null, "level": null, "name": "httpx", "message": "HTTP Request: POST http://testserver/api/v1/contact \"HTTP/1.1 500 Internal Server Error\"", "taskName": null}
{"timestamp": null, "level": null, "name": "app.api.v1.contact", "message": "Email notification failed for contact test-uuid-123", "taskName": "anyio.from_thread.BlockingPortal._call_func"}
{"timestamp": null, "level": null, "name": "httpx", "message": "HTTP Request: POST http://testserver/api/v1/contact \"HTTP/1.1 200 OK\"", "taskName": null}
{"timestamp": null, "level": null, "name": "httpx", "message": "HTTP Request: GET http://testserver/api/v1/health \"HTTP/1.1 200 OK\"", "taskName": null}
{"timestamp": null, "level": null, "name": "httpx", "message": "HTTP Request: GET http://testserver/api/v1/health \"HTTP/1.1 200 OK\"", "taskName": null}
{"timestamp": null, "level": null, "name": "httpx", "message": "HTTP Request: GET http://testserver/api/v1/health \"HTTP/1.1 200 OK\"", "taskName": null}
{"timestamp": null, "level": null, "name": "httpx", "message": "HTTP Request: POST http://testserver/api/v1/contact \"HTTP/1.1 200 OK\"", "taskName": null}
{"timestamp": null, "level": null, "name": "httpx", "message": "HTTP Request: POST http://testserver/api/v1/contact \"HTTP/1.1 200 OK\"", "taskName": null}
{"timestamp": null, "level": null, "name": "httpx", "message": "HTTP Request: POST http://testserver/api/v1/contact \"HTTP/1.1 200 OK\"", "taskName": null}
{"timestamp": null, "level": null, "name": "httpx", "message": "HTTP Request: POST http://testserver/api/v1/contact \"HTTP/1.1 200 OK\"", "taskName": null}
{"timestamp": null, "level": null, "name": "httpx", "message": "HTTP Request: POST http://testserver/api/v1/contact \"HTTP/1.1 200 OK\"", "taskName": null}
{"timestamp": null, "level": null, "name": "httpx", "message": "HTTP Request: POST http://testserver/api/v1/contact \"HTTP/1.1 200 OK\"", "taskName": null}
{"timestamp": null, "level": null, "name": "httpx", "message": "HTTP Request: POST http://testserver/api/v1/contact \"HTTP/1.1 200 OK\"", "taskName": null}
{"timestamp": null, "level": null, "name": "httpx", "message": "HTTP Request: POST http://testserver/api/v1/contact \"HTTP/1.1 200 OK\"", "taskName": null}
{"timestamp": null, "level": null, "name": "httpx", "message": "HTTP Request: POST http://testserver/api/v1/contact \"HTTP/1.1 200 OK\"", "taskName": null}
{"timestamp": null, "level": null, "name": "httpx", "message": "HTTP Request: POST http://testserver/api/v1/contact \"HTTP/1.1 200 OK\"", "taskName": null}
{"timestamp": null, "level": null, "name": "httpx", "message": "HTTP Request: POST http://testserver/api/v1/contact \"HTTP/1.1 429 Too Many Requests\"", "taskName": null}
{"timestamp": null, "level": null, "name": "httpx", "message": "HTTP Request: POST http://testserver/api/v1/contact \"HTTP/1.1 200 OK\"", "taskName": null}
{"timestamp": null, "level": null, "name": "httpx", "message": "HTTP Request: POST http://testserver/api/v1/contact \"HTTP/1.1 200 OK\"", "taskName": null}
{"timestamp": null, "level": null, "name": "httpx", "message": "HTTP Request: POST http://testserver/api/v1/contact \"HTTP/1.1 200 OK\"", "taskName": null}
{"timestamp": null, "level": null, "name": "httpx", "message": "HTTP Request: POST http://testserver/api/v1/contact \"HTTP/1.1 200 OK\"", "taskName": null}
{"timestamp": null, "level": null, "name": "httpx", "message": "HTTP Request: POST http://testserver/api/v1/contact \"HTTP/1.1 200 OK\"", "taskName": null}
{"timestamp": null, "level": null, "name": "httpx", "message": "HTTP Request: POST http://testserver/api/v1/contact \"HTTP/1.1 200 OK\"", "taskName": null}
{"timestamp": null, "level": null, "name": "httpx", "message": "HTTP Request: POST http://testserver/api/v1/contact \"HTTP/1.1 200 OK\"", "taskName": null}
{"timestamp": null, "level": null, "name": "httpx", "message": "HTTP Request: POST http://testserver/api/v1/contact \"HTTP/1.1 200 OK\"", "taskName": null}
{"timestamp": null, "level": null, "name": "httpx", "message": "HTTP Request: POST http://testserver/api/v1/contact \"HTTP/1.1 200 OK\"", "taskName": null}
{"timestamp": null, "level": null, "name": "httpx", "message": "HTTP Request: POST http://testserver/api/v1/contact \"HTTP/1.1 200 OK\"", "taskName": null}
{"timestamp": null, "level": null, "name": "httpx", "message": "HTTP Request: POST http://testserver/api/v1/contact \"HTTP/1.1 200 OK\"", "taskName": null}
{"timestamp": null, "level": null, "name": "httpx", "message": "HTTP Request: POST http://testserver/api/v1/contact \"HTTP/1.1 429 Too Many Requests\"", "taskName": null}
{"timestamp": null, "level": null, "name": "httpx", "message": "HTTP Request: POST http://testserver/api/v1/contact \"HTTP/1.1 200 OK\"", "taskName": null}
{"timestamp": null, "level": null, "name": "httpx", "message": "HTTP Request: POST http://testserver/api/v1/contact \"HTTP/1.1 422 Unprocessable Entity\"", "taskName": null}
{"timestamp": null, "level": null, "name": "httpx", "message": "HTTP Request: POST http://testserver/api/v1/contact \"HTTP/1.1 422 Unprocessable Entity\"", "taskName": null}
{"timestamp": null, "level": null, "name": "httpx", "message": "HTTP Request: POST http://testserver/api/v1/contact \"HTTP/1.1 422 Unprocessable Entity\"", "taskName": null}
{"timestamp": null, "level": null, "name": "httpx", "message": "HTTP Request: POST http://testserver/api/v1/contact \"HTTP/1.1 422 Unprocessable Entity\"", "taskName": null}
{"timestamp": null, "level": null, "name": "httpx", "message": "HTTP Request: POST http://testserver/api/v1/contact \"HTTP/1.1 422 Unprocessable Entity\"", "taskName": null}
{"timestamp": null, "level": null, "name": "root", "message": "AppException: Failed to store message | Path: /api/v1/contact", "taskName": "anyio.from_thread.BlockingPortal._call_func"}
{"timestamp": null, "level": null, "name": "httpx", "message": "HTTP Request: POST http://testserver/api/v1/contact \"HTTP/1.1 500 Internal Server Error\"", "taskName": null}
{"timestamp": null, "level": null, "name": "app.api.v1.contact", "message": "Email notification failed for contact test-uuid-123", "taskName": "anyio.from_thread.BlockingPortal._call_func"}
{"timestamp": null, "level": null, "name": "httpx", "message": "HTTP Request: POST http://testserver/api/v1/contact \"HTTP/1.1 200 OK\"", "taskName": null}
{"timestamp": null, "level": null, "name": "httpx", "message": "HTTP Request: GET http://testserver/api/v1/health \"HTTP/1.1 200 OK\"", "taskName": null}
{"timestamp": null, "level": null, "name": "httpx", "message": "HTTP Request: GET http://testserver/api/v1/health \"HTTP/1.1 200 OK\"", "taskName": null}
{"timestamp": null, "level": null, "name": "httpx", "message": "HTTP Request: GET http://testserver/api/v1/health \"HTTP/1.1 200 OK\"", "taskName": null}
{"timestamp": null, "level": null, "name": "httpx", "message": "HTTP Request: POST http://testserver/api/v1/contact \"HTTP/1.1 200 OK\"", "taskName": null}
{"timestamp": null, "level": null, "name": "httpx", "message": "HTTP Request: POST http://testserver/api/v1/contact \"HTTP/1.1 200 OK\"", "taskName": null}
{"timestamp": null, "level": null, "name": "httpx", "message": "HTTP Request: POST http://testserver/api/v1/contact \"HTTP/1.1 200 OK\"", "taskName": null}
{"timestamp": null, "level": null, "name": "httpx", "message": "HTTP Request: POST http://testserver/api/v1/contact \"HTTP/1.1 200 OK\"", "taskName": null}
{"timestamp": null, "level": null, "name": "httpx", "message": "HTTP Request: POST http://testserver/api/v1/contact \"HTTP/1.1 200 OK\"", "taskName": null}
{"timestamp": null, "level": null, "name": "httpx", "message": "HTTP Request: POST http://testserver/api/v1/contact \"HTTP/1.1 200 OK\"", "taskName": null}
{"timestamp": null, "level": null, "name": "httpx", "message": "HTTP Request: POST http://testserver/api/v1/contact \"HTTP/1.1 200 OK\"", "taskName": null}
{"timestamp": null, "level": null, "name": "httpx", "message": "HTTP Request: POST http://testserver/api/v1/contact \"HTTP/1.1 200 OK\"", "taskName": null}
{"timestamp": null, "level": null, "name": "httpx", "message": "HTTP Request: POST http://testserver/api/v1/contact \"HTTP/1.1 200 OK\"", "taskName": null}
{"timestamp": null, "level": null, "name": "httpx", "message": "HTTP Request: POST http://testserver/api/v1/contact \"HTTP/1.1 200 OK\"", "taskName": null}
{"timestamp": null, "level": null, "name": "httpx", "message": "HTTP Request: POST http://testserver/api/v1/contact \"HTTP/1.1 429 Too Many Requests\"", "taskName": null}
{"timestamp": null, "level": null, "name": "httpx", "message": "HTTP Request: POST http://testserver/api/v1/contact \"HTTP/1.1 200 OK\"", "taskName": null}
{"timestamp": null, "level": null, "name": "httpx", "message": "HTTP Request: POST http://testserver/api/v1/contact \"HTTP/1.1 200 OK\"", "taskName": null}
{"timestamp": null, "level": null, "name": "httpx", "message": "HTTP Request: POST http://testserver/api/v1/contact \"HTTP/1.1 200 OK\"", "taskName": null}
{"timestamp": null, "level": null, "name": "httpx", "message": "HTTP Request: POST http://testserver/api/v1/contact \"HTTP/1.1 200 OK\"", "taskName": null}
{"timestamp": null, "level": null, "name": "httpx", "message": "HTTP Request: POST http://testserver/api/v1/contact \"HTTP/1.1 200 OK\"", "taskName": null}
{"timestamp": null, "level": null, "name": "httpx", "message": "HTTP Request: POST http://testserver/api/v1/contact \"HTTP/1.1 200 OK\"", "taskName": null}
{"timestamp": null, "level": null, "name": "httpx", "message": "HTTP Request: POST http://testserver/api/v1/contact \"HTTP/1.1 200 OK\"", "taskName": null}
{"timestamp": null, "level": null, "name": "httpx", "message": "HTTP Request: POST http://testserver/api/v1/contact \"HTTP/1.1 200 OK\"", "taskName": null}
{"timestamp": null, "level": null, "name": "httpx", "message": "HTTP Request: POST http://testserver/api/v1/contact \"HTTP/1.1 200 OK\"", "taskName": null}
{"timestamp": null, "level": null, "name": "httpx", "message": "HTTP Request: POST http://testserver/api/v1/contact \"HTTP/1.1 200 OK\"", "taskName": null}
{"timestamp": null, "level": null, "name": "httpx", "message": "HTTP Request: POST http://testserver/api/v1/contact \"HTTP/1.1 200 OK\"", "taskName": null}
{"timestamp": null, "level": null, "name": "httpx", "message": "HTTP Request: POST http://testserver/api/v1/contact \"HTTP/1.1 429 Too Many Requests\"", "taskName": null}
{"timestamp": null, "level": null, "name": "root", "message": "Starting Portfolio API", "taskName": "Task-2"}
{"timestamp": null, "level": null, "name": "root", "message": "Shutting down Portfolio API", "taskName": "Task-2"}
{"timestamp": null, "level": null, "name": "root", "message": "Starting Portfolio API", "taskName": "Task-2"}
{"timestamp": null, "level": null, "name": "root", "message": "Shutting down Portfolio API", "taskName": "Task-2"}
{"timestamp": null, "level": null, "name": "root", "message": "Starting Portfolio API", "taskName": "Task-2"}
{"timestamp": null, "level": null, "name": "httpx", "message": "HTTP Request: POST http://testserver/api/v1/contact \"HTTP/1.1 200 OK\"", "taskName": null}
{"timestamp": null, "level": null, "name": "httpx", "message": "HTTP Request: POST http://testserver/api/v1/contact \"HTTP/1.1 422 Unprocessable Entity\"", "taskName": null}
{"timestamp": null, "level": null, "name": "httpx", "message": "HTTP Request: POST http://testserver/api/v1/contact \"HTTP/1.1 422 Unprocessable Entity\"", "taskName": null}
{"timestamp": null, "level": null, "name": "httpx", "message": "HTTP Request: POST http://testserver/api/v1/contact \"HTTP/1.1 422 Unprocessable Entity\"", "taskName": null}
{"timestamp": null, "level": null, "name": "httpx", "message": "HTTP Request: POST http://testserver/api/v1/contact \"HTTP/1.1 422 Unprocessable Entity\"", "taskName": null}
{"timestamp": null, "level": null, "name": "httpx", "message": "HTTP Request: POST http://testserver/api/v1/contact \"HTTP/1.1 422 Unprocessable Entity\"", "taskName": null}
{"timestamp": null, "level": null, "name": "root", "message": "AppException: Failed to store message | Path: /api/v1/contact", "taskName": "anyio.from_thread.BlockingPortal._call_func"}
{"timestamp": null, "level": null, "name": "httpx", "message": "HTTP Request: POST http://testserver/api/v1/contact \"HTTP/1.1 500 Internal Server Error\"", "taskName": null}
{"timestamp": null, "level": null, "name": "app.api.v1.contact", "message": "Email notification failed for contact test-uuid-123", "taskName": "anyio.from_thread.BlockingPortal._call_func"}
{"timestamp": null, "level": null, "name": "httpx", "message": "HTTP Request: POST http://testserver/api/v1/contact \"HTTP/1.1 200 OK\"", "taskName": null}
{"timestamp": null, "level": null, "name": "httpx", "message": "HTTP Request: GET http://testserver/api/v1/health \"HTTP/1.1 200 OK\"", "taskName": null}
{"timestamp": null, "level": null, "name": "httpx", "message": "HTTP Request: GET http://testserver/api/v1/health \"HTTP/1.1 200 OK\"", "taskName": null}
{"timestamp": null, "level": null, "name": "httpx", "message": "HTTP Request: GET http://testserver/api/v1/health \"HTTP/1.1 200 OK\"", "taskName": null}
{"timestamp": null, "level": null, "name": "httpx", "message": "HTTP Request: POST http://testserver/api/v1/contact \"HTTP/1.1 200 OK\"", "taskName": null}
{"timestamp": null, "level": null, "name": "httpx", "message": "HTTP Request: POST http://testserver/api/v1/contact \"HTTP/1.1 200 OK\"", "taskName": null}
{"timestamp": null, "level": null, "name": "httpx", "message": "HTTP Request: POST http://testserver/api/v1/contact \"HTTP/1.1 200 OK\"", "taskName": null}
{"timestamp": null, "level": null, "name": "httpx", "message": "HTTP Request: POST http://testserver/api/v1/contact \"HTTP/1.1 200 OK\"", "taskName": null}
{"timestamp": null, "level": null, "name": "httpx", "message": "HTTP Request: POST http://testserver/api/v1/contact \"HTTP/1.1 200 OK\"", "taskName": null}
{"timestamp": null, "level": null, "name": "httpx", "message": "HTTP Request: POST http://testserver/api/v1/contact \"HTTP/1.1 200 OK\"", "taskName": null}
{"timestamp": null, "level": null, "name": "httpx", "message": "HTTP Request: POST http://testserver/api/v1/contact \"HTTP/1.1 200 OK\"", "taskName": null}
{"timestamp": null, "level": null, "name": "httpx", "message": "HTTP Request: POST http://testserver/api/v1/contact \"HTTP/1.1 200 OK\"", "taskName": null}
{"timestamp": null, "level": null, "name": "httpx", "message": "HTTP Request: POST http://testserver/api/v1/contact \"HTTP/1.1 200 OK\"", "taskName": null}
{"timestamp": null, "level": null, "name": "httpx", "message": "HTTP Request: POST http://testserver/api/v1/contact \"HTTP/1.1 200 OK\"", "taskName": null}
{"timestamp": null, "level": null, "name": "httpx", "message": "HTTP Request: POST http://testserver/api/v1/contact \"HTTP/1.1 429 Too Many Requests\"", "taskName": null}
{"timestamp": null, "level": null, "name": "httpx", "message": "HTTP Request: POST http://testserver/api/v1/contact \"HTTP/1.1 200 OK\"", "taskName": null}
{"timestamp": null, "level": null, "name": "httpx", "message": "HTTP Request: POST http://testserver/api/v1/contact \"HTTP/1.1 200 OK\"", "taskName": null}
{"timestamp": null, "level": null, "name": "httpx", "message": "HTTP Request: POST http://testserver/api/v1/contact \"HTTP/1.1 200 OK\"", "taskName": null}
{"timestamp": null, "level": null, "name": "httpx", "message": "HTTP Request: POST http://testserver/api/v1/contact \"HTTP/1.1 200 OK\"", "taskName": null}
{"timestamp": null, "level": null, "name": "httpx", "message": "HTTP Request: POST http://testserver/api/v1/contact \"HTTP/1.1 200 OK\"", "taskName": null}
{"timestamp": null, "level": null, "name": "httpx", "message": "HTTP Request: POST http://testserver/api/v1/contact \"HTTP/1.1 200 OK\"", "taskName": null}
{"timestamp": null, "level": null, "name": "httpx", "message": "HTTP Request: POST http://testserver/api/v1/contact \"HTTP/1.1 200 OK\"", "taskName": null}
{"timestamp": null, "level": null, "name": "httpx", "message": "HTTP Request: POST http://testserver/api/v1/contact \"HTTP/1.1 200 OK\"", "taskName": null}
{"timestamp": null, "level": null, "name": "httpx", "message": "HTTP Request: POST http://testserver/api/v1/contact \"HTTP/1.1 200 OK\"", "taskName": null}
{"timestamp": null, "level": null, "name": "httpx", "message": "HTTP Request: POST http://testserver/api/v1/contact \"HTTP/1.1 200 OK\"", "taskName": null}
{"timestamp": null, "level": null, "name": "httpx", "message": "HTTP Request: POST http://testserver/api/v1/contact \"HTTP/1.1 200 OK\"", "taskName": null}
{"timestamp": null, "level": null, "name": "httpx", "message": "HTTP Request: POST http://testserver/api/v1/contact \"HTTP/1.1 429 Too Many Requests\"", "taskName": null}
{"timestamp": null, "level": null, "name": "root", "message": "Shutting down Portfolio API", "taskName": "Task-2"}
{"timestamp": null, "level": null, "name": "root", "message": "Starting Portfolio API", "taskName": "Task-2"}
{"timestamp": null, "level": null, "name": "httpx", "message": "HTTP Request: POST http://testserver/api/v1/contact \"HTTP/1.1 200 OK\"", "taskName": null}
{"timestamp": null, "level": null, "name": "httpx", "message": "HTTP Request: POST http://testserver/api/v1/contact \"HTTP/1.1 422 Unprocessable Entity\"", "taskName": null}
{"timestamp": null, "level": null, "name": "httpx", "message": "HTTP Request: POST http://testserver/api/v1/contact \"HTTP/1.1 422 Unprocessable Entity\"", "taskName": null}
{"timestamp": null, "level": null, "name": "httpx", "message": "HTTP Request: POST http://testserver/api/v1/contact \"HTTP/1.1 422 Unprocessable Entity\"", "taskName": null}
{"timestamp": null, "level": null, "name": "httpx", "message": "HTTP Request: POST http://testserver/api/v1/contact \"HTTP/1.1 422 Unprocessable Entity\"", "taskName": null}
{"timestamp": null, "level": null, "name": "httpx", "message": "HTTP Request: POST http://testserver/api/v1/contact \"HTTP/1.1 422 Unprocessable Entity\"", "taskName": null}
{"timestamp": null, "level": null, "name": "root", "message": "AppException: Failed to store message | Path: /api/v1/contact", "taskName": "anyio.from_thread.BlockingPortal._call_func"}
{"timestamp": null, "level": null, "name": "httpx", "message": "HTTP Request: POST http://testserver/api/v1/contact \"HTTP/1.1 500 Internal Server Error\"", "taskName": null}
{"timestamp": null, "level": null, "name": "app.api.v1.contact", "message": "Email notification failed for contact test-uuid-123", "taskName": "anyio.from_thread.BlockingPortal._call_func"}
{"timestamp": null, "level": null, "name": "httpx", "message": "HTTP Request: POST http://testserver/api/v1/contact \"HTTP/1.1 200 OK\"", "taskName": null}
{"timestamp": null, "level": null, "name": "httpx", "message": "HTTP Request: GET http://testserver/api/v1/health \"HTTP/1.1 200 OK\"", "taskName": null}
{"timestamp": null, "level": null, "name": "httpx", "message": "HTTP Request: GET http://testserver/api/v1/health \"HTTP/1.1 200 OK\"", "taskName": null}
{"timestamp": null, "level": null, "name": "httpx", "message": "HTTP Request: GET http://testserver/api/v1/health \"HTTP/1.1 200 OK\"", "taskName": null}
{"timestamp": null, "level": null, "name": "httpx", "message": "HTTP Request: POST http://testserver/api/v1/contact \"HTTP/1.1 200 OK\"", "taskName": null}
{"timestamp": null, "level": null, "name": "httpx", "message": "HTTP Request: POST http://testserver/api/v1/contact \"HTTP/1.1 200 OK\"", "taskName": null}
{"timestamp": null, "level": null, "name": "httpx", "message": "HTTP Request: POST http://testserver/api/v1/contact \"HTTP/1.1 200 OK\"", "taskName": null}
{"timestamp": null, "level": null, "name": "httpx", "message": "HTTP Request: POST http://testserver/api/v1/contact \"HTTP/1.1 200 OK\"", "taskName": null}
{"timestamp": null, "level": null, "name": "httpx", "message": "HTTP Request: POST http://testserver/api/v1/contact \"HTTP/1.1 200 OK\"", "taskName": null}
{"timestamp": null, "level": null, "name": "httpx", "message": "HTTP Request: POST http://testserver/api/v1/contact \"HTTP/1.1 200 OK\"", "taskName": null}
{"timestamp": null, "level": null, "name": "httpx", "message": "HTTP Request: POST http://testserver/api/v1/contact \"HTTP/1.1 200 OK\"", "taskName": null}
{"timestamp": null, "level": null, "name": "httpx", "message": "HTTP Request: POST http://testserver/api/v1/contact \"HTTP/1.1 200 OK\"", "taskName": null}
{"timestamp": null, "level": null, "name": "httpx", "message": "HTTP Request: POST http://testserver/api/v1/contact \"HTTP/1.1 200 OK\"", "taskName": null}
{"timestamp": null, "level": null, "name": "httpx", "message": "HTTP Request: POST http://testserver/api/v1/contact \"HTTP/1.1 200 OK\"", "taskName": null}
{"timestamp": null, "level": null, "name": "httpx", "message": "HTTP Request: POST http://testserver/api/v1/contact \"HTTP/1.1 429 Too Many Requests\"", "taskName": null}
{"timestamp": null, "level": null, "name": "httpx", "message": "HTTP Request: POST http://testserver/api/v1/contact \"HTTP/1.1 200 OK\"", "taskName": null}
{"timestamp": null, "level": null, "name": "httpx", "message": "HTTP Request: POST http://testserver/api/v1/contact \"HTTP/1.1 200 OK\"", "taskName": null}
{"timestamp": null, "level": null, "name": "httpx", "message": "HTTP Request: POST http://testserver/api/v1/contact \"HTTP/1.1 200 OK\"", "taskName": null}
{"timestamp": null, "level": null, "name": "httpx", "message": "HTTP Request: POST http://testserver/api/v1/contact \"HTTP/1.1 200 OK\"", "taskName": null}
{"timestamp": null, "level": null, "name": "httpx", "message": "HTTP Request: POST http://testserver/api/v1/contact \"HTTP/1.1 200 OK\"", "taskName": null}
{"timestamp": null, "level": null, "name": "httpx", "message": "HTTP Request: POST http://testserver/api/v1/contact \"HTTP/1.1 200 OK\"", "taskName": null}
{"timestamp": null, "level": null, "name": "httpx", "message": "HTTP Request: POST http://testserver/api/v1/contact \"HTTP/1.1 200 OK\"", "taskName": null}
{"timestamp": null, "level": null, "name": "httpx", "message": "HTTP Request: POST http://testserver/api/v1/contact \"HTTP/1.1 200 OK\"", "taskName": null}
{"timestamp": null, "level": null, "name": "httpx", "message": "HTTP Request: POST http://testserver/api/v1/contact \"HTTP/1.1 200 OK\"", "taskName": null}
{"timestamp": null, "level": null, "name": "httpx", "message": "HTTP Request: POST http://testserver/api/v1/contact \"HTTP/1.1 200 OK\"", "taskName": null}
{"timestamp": null, "level": null, "name": "httpx", "message": "HTTP Request: POST http://testserver/api/v1/contact \"HTTP/1.1 200 OK\"", "taskName": null}
{"timestamp": null, "level": null, "name": "httpx", "message": "HTTP Request: POST http://testserver/api/v1/contact \"HTTP/1.1 429 Too Many Requests\"", "taskName": null}
{"timestamp": null, "level": null, "name": "root", "message": "Shutting down Portfolio API", "taskName": "Task-2"}
